<?xml version="1.0" encoding="UTF-8"?>
<!-- Generated by org.testng.reporters.JUnitReportReporter -->
<testsuite hostname="DESKTOP-8BGUM45" failures="0" tests="4" name="amazon_source.DataProvider_Login" time="0.018" errors="0" timestamp="2024-03-20T14:37:08 IST" skipped="0">
  <testcase classname="amazon_source.DataProvider_Login" name="login" time="0.001"/>
  <testcase classname="amazon_source.DataProvider_Login" name="login" time="0.003"/>
  <testcase classname="amazon_source.DataProvider_Login" name="login" time="0.008"/>
  <testcase classname="amazon_source.DataProvider_Login" name="login" time="0.006"/>
</testsuite> <!-- amazon_source.DataProvider_Login -->
